<?xml version="1.0" encoding="UTF-8"?>
<!-- Generated by org.testng.reporters.JUnitXMLReporter -->
<testsuite ignored="0" hostname="LAPTOP-CD8JOBST" failures="1" tests="2" name="Test" time="51.099" errors="0" timestamp="2022-05-05T22:44:34 IST">
  <testcase classname="com.TestNG.Sample" name="contact" time="28.924"/>
  <testcase classname="com.TestNG.Sample" name="org" time="23.972">
    <failure type="java.lang.AssertionError" message="expected [true] but found [false]">
      <![CDATA[java.lang.AssertionError: expected [true] but found [false]
at com.TestNG.Sample.org(Sample.java:45)
at java.base/java.util.concurrent.ThreadPoolExecutor.runWorker(ThreadPoolExecutor.java:1136)
at java.base/java.util.concurrent.ThreadPoolExecutor$Worker.run(ThreadPoolExecutor.java:635)
at java.base/java.lang.Thread.run(Thread.java:833)
... Removed 18 stack frames]]>
    </failure>
  </testcase> <!-- org -->
</testsuite> <!-- Test -->
